* using log directory ‘/home/runner/work/lightr/lightr/lightr.Rcheck’
* using R version 4.3.3 (2024-02-29)
* using platform: x86_64-pc-linux-gnu (64-bit)
* R was compiled by
    gcc (Ubuntu 13.2.0-23ubuntu3) 13.2.0
    GNU Fortran (Ubuntu 13.2.0-23ubuntu3) 13.2.0
* running under: Ubuntu 24.04.2 LTS
* using session charset: UTF-8
* using option ‘--no-manual’
* checking for file ‘lightr/DESCRIPTION’ ... OK
* this is package ‘lightr’ version ‘1.9.0.9000’
* checking package namespace information ... OK
* checking package dependencies ... ERROR
Package suggested but not available: ‘pavo’

The suggested packages are required for a complete check.
Checking can be attempted without them by setting the environment
variable _R_CHECK_FORCE_SUGGESTS_ to a false value.

See section ‘The DESCRIPTION file’ in the ‘Writing R Extensions’
manual.
* DONE
Status: 1 ERROR
